<?xml version="1.0" encoding="UTF-8"?>
<!-- Generated by org.testng.reporters.JUnitReportReporter -->
<testsuite hostname="DESKTOP-TUHABSP" failures="0" tests="2" name="WebPages.ProductSearch" time="201.179" errors="0" timestamp="2024-06-30T13:38:10 IST" skipped="0">
  <testcase classname="WebPages.ProductSearch" name="LoginTest" time="24.702"/>
  <testcase classname="WebPages.ProductSearch" name="ProductPurchaseTest" time="176.477"/>
</testsuite> <!-- WebPages.ProductSearch -->
