<?xml version="1.0" encoding="UTF-8"?>
<!-- Generated by org.testng.reporters.JUnitReportReporter -->
<testsuite hostname="DESKTOP-TUHABSP" failures="0" tests="2" name="WebPages.AddToCart" time="66.563" errors="0" timestamp="2024-06-30T13:27:57 IST" skipped="0">
  <testcase classname="WebPages.AddToCart" name="LoginTest" time="34.844"/>
  <testcase classname="WebPages.AddToCart" name="SearchProductTest" time="31.719"/>
</testsuite> <!-- WebPages.AddToCart -->
