<?xml version="1.0" encoding="UTF-8"?>
<!-- Generated by org.testng.reporters.JUnitReportReporter -->
<testsuite hostname="DESKTOP-TUHABSP" failures="0" tests="3" name="WebPages.HomePage" time="223.463" errors="0" timestamp="2024-07-01T12:04:06 IST" skipped="0">
  <testcase classname="WebPages.HomePage" name="LoginTest" time="22.078"/>
  <testcase classname="WebPages.HomePage" name="ScrollTest" time="26.557"/>
  <testcase classname="WebPages.HomePage" name="NavBarTest" time="174.828"/>
</testsuite> <!-- WebPages.HomePage -->
