<?xml version="1.0" encoding="UTF-8"?>
<!-- Generated by org.testng.reporters.JUnitReportReporter -->
<testsuite hostname="DESKTOP-TUHABSP" failures="0" tests="2" name="WebPages.LoginPage" time="60.638" errors="0" timestamp="2024-07-01T11:53:38 IST" skipped="0">
  <testcase classname="WebPages.LoginPage" name="LoginTest" time="22.040"/>
  <testcase classname="WebPages.LoginPage" name="AccountCheckTest" time="38.598"/>
</testsuite> <!-- WebPages.LoginPage -->
